build/app/intermediates/manifest_merge_blame_file/debug/manifest-merger-blame-debug-report 2.txt
1<?xml version="1.0" encoding="utf-8"?>
2<manifest xmlns:android="http://schemas.android.com/apk/res/android"
3    package="com.anncode.platzitripsapp"
4    android:versionCode="1"
5    android:versionName="1.0.0" >
6
7    <uses-sdk
8        android:minSdkVersion="21"
8-->src/main/AndroidManifest.xml
9        android:targetSdkVersion="28" />
9-->src/main/AndroidManifest.xml
10
11    <!--
12         The INTERNET permission is required for development. Specifically,
13         flutter needs it to communicate with the running application
14         to allow setting breakpoints, to provide hot reload, etc.
15    -->
16    <uses-permission android:name="android.permission.INTERNET" />
16-->src/main/AndroidManifest.xml:8:5-66
16-->src/main/AndroidManifest.xml:8:22-64
17    <uses-permission android:name="android.permission.READ_EXTERNAL_STORAGE" />
17-->[:image_picker] AndroidManifest.xml:7:5-80
17-->[:image_picker] AndroidManifest.xml:7:22-77
18    <uses-permission android:name="android.permission.WRITE_EXTERNAL_STORAGE" />
18-->[:image_picker] AndroidManifest.xml:8:5-81
18-->[:image_picker] AndroidManifest.xml:8:22-78
19    <uses-permission android:name="android.permission.ACCESS_NETWORK_STATE" />
19-->[com.google.firebase:firebase-storage:16.0.3] AndroidManifest.xml:23:5-79
19-->[com.google.firebase:firebase-storage:16.0.3] AndroidManifest.xml:23:22-76
20    <uses-permission android:name="android.permission.WAKE_LOCK" />
20-->[com.google.firebase:firebase-measurement-connector-impl:17.0.2] AndroidManifest.xml:24:5-68
20-->[com.google.firebase:firebase-measurement-connector-impl:17.0.2] AndroidManifest.xml:24:22-65
21    <uses-permission android:name="com.google.android.finsky.permission.BIND_GET_INSTALL_REFERRER_SERVICE" /> <!-- Required by older versions of Google Play services to create IID tokens -->
21-->[com.google.firebase:firebase-analytics:16.0.4] AndroidManifest.xml:26:5-110
21-->[com.google.firebase:firebase-analytics:16.0.4] AndroidManifest.xml:26:22-107
22    <uses-permission android:name="com.google.android.c2dm.permission.RECEIVE" />
22-->[com.google.firebase:firebase-iid:17.0.3] AndroidManifest.xml:26:5-82
22-->[com.google.firebase:firebase-iid:17.0.3] AndroidManifest.xml:26:22-79
23    <!--
24 io.flutter.app.FlutterApplication is an android.app.Application that
25         calls FlutterMain.startInitialization(this); in its onCreate method.
26         In most cases you can leave this as-is, but you if you want to provide
27         additional functionality it is fine to subclass or reimplement
28         FlutterApplication and put your custom class here.
29    -->
30    <application
30-->src/main/AndroidManifest.xml:15:5-38:19
31        android:name="io.flutter.app.FlutterApplication"
31-->src/main/AndroidManifest.xml:16:9-57
32        android:appComponentFactory="androidx.core.app.CoreComponentFactory"
32-->[androidx.core:core:1.1.0] AndroidManifest.xml:24:18-86
33        android:debuggable="true"
34        android:icon="@mipmap/ic_launcher"
34-->src/main/AndroidManifest.xml:18:9-43
35        android:label="platzi_trips_app" >
35-->src/main/AndroidManifest.xml:17:9-41
36        <activity
36-->src/main/AndroidManifest.xml:19:9-37:20
37            android:name="com.anncode.platzitripsapp.MainActivity"
37-->src/main/AndroidManifest.xml:20:13-41
38            android:configChanges="orientation|keyboardHidden|keyboard|screenSize|locale|layoutDirection|fontScale|screenLayout|density"
38-->src/main/AndroidManifest.xml:23:13-137
39            android:hardwareAccelerated="true"
39-->src/main/AndroidManifest.xml:24:13-47
40            android:launchMode="singleTop"
40-->src/main/AndroidManifest.xml:21:13-43
41            android:theme="@style/LaunchTheme"
41-->src/main/AndroidManifest.xml:22:13-47
42            android:windowSoftInputMode="adjustResize" >
42-->src/main/AndroidManifest.xml:25:13-55
43
44            <!--
45                 This keeps the window background of the activity showing
46                 until Flutter renders its first frame. It can be removed if
47                 there is no splash screen (such as the default splash screen
48                 defined in @style/LaunchTheme).
49            -->
50            <meta-data
50-->src/main/AndroidManifest.xml:30:13-32:40
51                android:name="io.flutter.app.android.SplashScreenUntilFirstFrame"
51-->src/main/AndroidManifest.xml:31:17-82
52                android:value="true" />
52-->src/main/AndroidManifest.xml:32:17-37
53
54            <intent-filter>
54-->src/main/AndroidManifest.xml:33:13-36:29
55                <action android:name="android.intent.action.MAIN" />
55-->src/main/AndroidManifest.xml:34:17-68
55-->src/main/AndroidManifest.xml:34:25-66
56
57                <category android:name="android.intent.category.LAUNCHER" />
57-->src/main/AndroidManifest.xml:35:17-76
57-->src/main/AndroidManifest.xml:35:27-74
58            </intent-filter>
59        </activity>
60
61        <provider
61-->[:image_picker] AndroidManifest.xml:11:9-19:20
62            android:name="io.flutter.plugins.imagepicker.ImagePickerFileProvider"
62-->[:image_picker] AndroidManifest.xml:12:13-82
63            android:authorities="com.anncode.platzitripsapp.flutter.image_provider"
63-->[:image_picker] AndroidManifest.xml:13:13-74
64            android:exported="false"
64-->[:image_picker] AndroidManifest.xml:14:13-37
65            android:grantUriPermissions="true" >
65-->[:image_picker] AndroidManifest.xml:15:13-47
66            <meta-data
66-->[:image_picker] AndroidManifest.xml:16:13-18:75
67                android:name="android.support.FILE_PROVIDER_PATHS"
67-->[:image_picker] AndroidManifest.xml:17:17-67
68                android:resource="@xml/flutter_image_picker_file_paths" />
68-->[:image_picker] AndroidManifest.xml:18:17-72
69        </provider>
70
71        <activity
71-->[com.google.firebase:firebase-auth:16.0.5] AndroidManifest.xml:24:9-31:50
72            android:name="com.google.firebase.auth.internal.FederatedSignInActivity"
72-->[com.google.firebase:firebase-auth:16.0.5] AndroidManifest.xml:25:13-85
73            android:excludeFromRecents="true"
73-->[com.google.firebase:firebase-auth:16.0.5] AndroidManifest.xml:26:13-46
74            android:exported="true"
74-->[com.google.firebase:firebase-auth:16.0.5] AndroidManifest.xml:27:13-36
75            android:launchMode="singleTask"
75-->[com.google.firebase:firebase-auth:16.0.5] AndroidManifest.xml:28:13-44
76            android:permission="com.google.firebase.auth.api.gms.permission.LAUNCH_FEDERATED_SIGN_IN"
76-->[com.google.firebase:firebase-auth:16.0.5] AndroidManifest.xml:29:13-102
77            android:theme="@android:style/Theme.Translucent.NoTitleBar" />
77-->[com.google.firebase:firebase-auth:16.0.5] AndroidManifest.xml:30:13-72
78
79        <service
79-->[com.google.firebase:firebase-auth:16.0.5] AndroidManifest.xml:33:9-39:19
80            android:name="com.google.firebase.components.ComponentDiscoveryService"
80-->[com.google.firebase:firebase-auth:16.0.5] AndroidManifest.xml:34:13-84
81            android:exported="false" >
81-->[com.google.firebase:firebase-auth:16.0.5] AndroidManifest.xml:35:13-37
82            <meta-data
82-->[com.google.firebase:firebase-auth:16.0.5] AndroidManifest.xml:36:13-38:85
83                android:name="com.google.firebase.components:com.google.firebase.auth.FirebaseAuthRegistrar"
83-->[com.google.firebase:firebase-auth:16.0.5] AndroidManifest.xml:37:17-109
84                android:value="com.google.firebase.components.ComponentRegistrar" />
84-->[com.google.firebase:firebase-auth:16.0.5] AndroidManifest.xml:38:17-82
85            <meta-data
85-->[com.google.firebase:firebase-firestore:18.2.0] AndroidManifest.xml:18:13-20:85
86                android:name="com.google.firebase.components:com.google.firebase.firestore.FirestoreRegistrar"
86-->[com.google.firebase:firebase-firestore:18.2.0] AndroidManifest.xml:19:17-111
87                android:value="com.google.firebase.components.ComponentRegistrar" />
87-->[com.google.firebase:firebase-firestore:18.2.0] AndroidManifest.xml:20:17-82
88            <meta-data
88-->[com.google.firebase:firebase-measurement-connector-impl:17.0.2] AndroidManifest.xml:28:13-30:85
89                android:name="com.google.firebase.components:com.google.firebase.analytics.connector.internal.AnalyticsConnectorRegistrar"
89-->[com.google.firebase:firebase-measurement-connector-impl:17.0.2] AndroidManifest.xml:29:17-139
90                android:value="com.google.firebase.components.ComponentRegistrar" />
90-->[com.google.firebase:firebase-measurement-connector-impl:17.0.2] AndroidManifest.xml:30:17-82
91            <meta-data
91-->[com.google.firebase:firebase-iid:17.0.3] AndroidManifest.xml:32:13-34:85
92                android:name="com.google.firebase.components:com.google.firebase.iid.Registrar"
92-->[com.google.firebase:firebase-iid:17.0.3] AndroidManifest.xml:33:17-96
93                android:value="com.google.firebase.components.ComponentRegistrar" />
93-->[com.google.firebase:firebase-iid:17.0.3] AndroidManifest.xml:34:17-82
94        </service>
95
96        <activity
96-->[com.google.android.gms:play-services-auth:16.0.1] AndroidManifest.xml:23:9-27:75
97            android:name="com.google.android.gms.auth.api.signin.internal.SignInHubActivity"
97-->[com.google.android.gms:play-services-auth:16.0.1] AndroidManifest.xml:24:13-93
98            android:excludeFromRecents="true"
98-->[com.google.android.gms:play-services-auth:16.0.1] AndroidManifest.xml:25:13-46
99            android:exported="false"
99-->[com.google.android.gms:play-services-auth:16.0.1] AndroidManifest.xml:26:13-37
100            android:theme="@android:style/Theme.Translucent.NoTitleBar" />
100-->[com.google.android.gms:play-services-auth:16.0.1] AndroidManifest.xml:27:13-72
101        <!--
102            Service handling Google Sign-In user revocation. For apps that do not integrate with
103            Google Sign-In, this service will never be started.
104        -->
105        <service
105-->[com.google.android.gms:play-services-auth:16.0.1] AndroidManifest.xml:33:9-36:110
106            android:name="com.google.android.gms.auth.api.signin.RevocationBoundService"
106-->[com.google.android.gms:play-services-auth:16.0.1] AndroidManifest.xml:34:13-89
107            android:exported="true"
107-->[com.google.android.gms:play-services-auth:16.0.1] AndroidManifest.xml:35:13-36
108            android:permission="com.google.android.gms.auth.api.signin.permission.REVOCATION_NOTIFICATION" />
108-->[com.google.android.gms:play-services-auth:16.0.1] AndroidManifest.xml:36:13-107
109
110        <receiver
110-->[com.google.firebase:firebase-analytics:16.0.4] AndroidManifest.xml:29:9-33:20
111            android:name="com.google.android.gms.measurement.AppMeasurementReceiver"
111-->[com.google.firebase:firebase-analytics:16.0.4] AndroidManifest.xml:30:13-85
112            android:enabled="true"
112-->[com.google.firebase:firebase-analytics:16.0.4] AndroidManifest.xml:31:13-35
113            android:exported="false" >
113-->[com.google.firebase:firebase-analytics:16.0.4] AndroidManifest.xml:32:13-37
114        </receiver>
115        <receiver
115-->[com.google.firebase:firebase-analytics:16.0.4] AndroidManifest.xml:34:9-42:20
116            android:name="com.google.android.gms.measurement.AppMeasurementInstallReferrerReceiver"
116-->[com.google.firebase:firebase-analytics:16.0.4] AndroidManifest.xml:35:13-100
117            android:enabled="true"
117-->[com.google.firebase:firebase-analytics:16.0.4] AndroidManifest.xml:36:13-35
118            android:exported="true"
118-->[com.google.firebase:firebase-analytics:16.0.4] AndroidManifest.xml:37:13-36
119            android:permission="android.permission.INSTALL_PACKAGES" >
119-->[com.google.firebase:firebase-analytics:16.0.4] AndroidManifest.xml:38:13-69
120            <intent-filter>
120-->[com.google.firebase:firebase-analytics:16.0.4] AndroidManifest.xml:39:13-41:29
121                <action android:name="com.android.vending.INSTALL_REFERRER" />
121-->[com.google.firebase:firebase-analytics:16.0.4] AndroidManifest.xml:40:17-79
121-->[com.google.firebase:firebase-analytics:16.0.4] AndroidManifest.xml:40:25-76
122            </intent-filter>
123        </receiver>
124
125        <service
125-->[com.google.firebase:firebase-analytics:16.0.4] AndroidManifest.xml:44:9-47:40
126            android:name="com.google.android.gms.measurement.AppMeasurementService"
126-->[com.google.firebase:firebase-analytics:16.0.4] AndroidManifest.xml:45:13-84
127            android:enabled="true"
127-->[com.google.firebase:firebase-analytics:16.0.4] AndroidManifest.xml:46:13-35
128            android:exported="false" />
128-->[com.google.firebase:firebase-analytics:16.0.4] AndroidManifest.xml:47:13-37
129        <service
129-->[com.google.firebase:firebase-analytics:16.0.4] AndroidManifest.xml:48:9-52:72
130            android:name="com.google.android.gms.measurement.AppMeasurementJobService"
130-->[com.google.firebase:firebase-analytics:16.0.4] AndroidManifest.xml:49:13-87
131            android:enabled="true"
131-->[com.google.firebase:firebase-analytics:16.0.4] AndroidManifest.xml:50:13-35
132            android:exported="false"
132-->[com.google.firebase:firebase-analytics:16.0.4] AndroidManifest.xml:51:13-37
133            android:permission="android.permission.BIND_JOB_SERVICE" />
133-->[com.google.firebase:firebase-analytics:16.0.4] AndroidManifest.xml:52:13-69
134
135        <receiver
135-->[com.google.firebase:firebase-iid:17.0.3] AndroidManifest.xml:37:9-44:20
136            android:name="com.google.firebase.iid.FirebaseInstanceIdReceiver"
136-->[com.google.firebase:firebase-iid:17.0.3] AndroidManifest.xml:38:13-78
137            android:exported="true"
137-->[com.google.firebase:firebase-iid:17.0.3] AndroidManifest.xml:39:13-36
138            android:permission="com.google.android.c2dm.permission.SEND" >
138-->[com.google.firebase:firebase-iid:17.0.3] AndroidManifest.xml:40:13-73
139            <intent-filter>
139-->[com.google.firebase:firebase-iid:17.0.3] AndroidManifest.xml:41:13-43:29
140                <action android:name="com.google.android.c2dm.intent.RECEIVE" />
140-->[com.google.firebase:firebase-iid:17.0.3] AndroidManifest.xml:42:17-81
140-->[com.google.firebase:firebase-iid:17.0.3] AndroidManifest.xml:42:25-78
141            </intent-filter>
142        </receiver>
143        <!--
144             FirebaseInstanceIdService performs security checks at runtime,
145             no need for explicit permissions despite exported="true"
146        -->
147        <service
147-->[com.google.firebase:firebase-iid:17.0.3] AndroidManifest.xml:50:9-56:19
148            android:name="com.google.firebase.iid.FirebaseInstanceIdService"
148-->[com.google.firebase:firebase-iid:17.0.3] AndroidManifest.xml:51:13-77
149            android:exported="true" >
149-->[com.google.firebase:firebase-iid:17.0.3] AndroidManifest.xml:52:13-36
150            <intent-filter android:priority="-500" >
150-->[com.google.firebase:firebase-iid:17.0.3] AndroidManifest.xml:53:13-55:29
150-->[com.google.firebase:firebase-iid:17.0.3] AndroidManifest.xml:53:28-51
151                <action android:name="com.google.firebase.INSTANCE_ID_EVENT" />
151-->[com.google.firebase:firebase-iid:17.0.3] AndroidManifest.xml:54:17-80
151-->[com.google.firebase:firebase-iid:17.0.3] AndroidManifest.xml:54:25-77
152            </intent-filter>
153        </service>
154
155        <activity
155-->[com.google.android.gms:play-services-base:16.0.1] AndroidManifest.xml:23:9-26:75
156            android:name="com.google.android.gms.common.api.GoogleApiActivity"
156-->[com.google.android.gms:play-services-base:16.0.1] AndroidManifest.xml:24:13-79
157            android:exported="false"
157-->[com.google.android.gms:play-services-base:16.0.1] AndroidManifest.xml:25:13-37
158            android:theme="@android:style/Theme.Translucent.NoTitleBar" />
158-->[com.google.android.gms:play-services-base:16.0.1] AndroidManifest.xml:26:13-72
159
160        <provider
160-->[com.google.firebase:firebase-common:16.1.0] AndroidManifest.xml:12:9-16:39
161            android:name="com.google.firebase.provider.FirebaseInitProvider"
161-->[com.google.firebase:firebase-common:16.1.0] AndroidManifest.xml:13:13-77
162            android:authorities="com.anncode.platzitripsapp.firebaseinitprovider"
162-->[com.google.firebase:firebase-common:16.1.0] AndroidManifest.xml:14:13-72
163            android:exported="false"
163-->[com.google.firebase:firebase-common:16.1.0] AndroidManifest.xml:15:13-37
164            android:initOrder="100" />
164-->[com.google.firebase:firebase-common:16.1.0] AndroidManifest.xml:16:13-36
165
166        <meta-data
166-->[com.google.android.gms:play-services-basement:16.1.0] AndroidManifest.xml:23:9-25:69
167            android:name="com.google.android.gms.version"
167-->[com.google.android.gms:play-services-basement:16.1.0] AndroidManifest.xml:24:13-58
168            android:value="@integer/google_play_services_version" />
168-->[com.google.android.gms:play-services-basement:16.1.0] AndroidManifest.xml:25:13-66
169    </application>
170
171</manifest>